{"level":"error","message":{"error message":"ENOENT: no such file or directory, open 'F:\\Coding Ninjas - BeckEnd Projects\\E-com-API\\uploads\\2024-08-15T07:57:30.037Zproduct 1.jpg'","request Method":"POST","request URL":"/api/products/"},"timestamp":"Thu Aug 15 2024 13:27:30 GMT+0530 (India Standard Time)"}
{"level":"error","message":{"error message":"ENOENT: no such file or directory, open 'F:\\Coding Ninjas - BeckEnd Projects\\E-com-API\\uploads\\2024-08-15T08:01:37.105Zproduct 1.jpg'","request Method":"POST","request URL":"/api/products/"},"timestamp":"Thu Aug 15 2024 13:31:37 GMT+0530 (India Standard Time)"}
{"level":"error","message":{"error message":"cartItemController.remove is not a function","request Method":"DELETE","request URL":"/api/cartItems"},"timestamp":"Fri Aug 16 2024 12:42:18 GMT+0530 (India Standard Time)"}
{"level":"error","message":{"error message":"Something went wrong","request Method":"POST","request URL":"/api/cartItems"},"timestamp":"Sat Aug 17 2024 13:38:17 GMT+0530 (India Standard Time)"}
{"level":"error","message":{"error message":"Something went wrong","request Method":"POST","request URL":"/api/cartItems"},"timestamp":"Sat Aug 17 2024 13:43:39 GMT+0530 (India Standard Time)"}
{"level":"error","message":{"error message":"Something went wrong","request Method":"POST","request URL":"/api/cartItems"},"timestamp":"Sat Aug 17 2024 13:50:20 GMT+0530 (India Standard Time)"}
{"level":"error","message":{"error message":"Something went wrong","request Method":"POST","request URL":"/api/cartItems"},"timestamp":"Sat Aug 17 2024 13:52:56 GMT+0530 (India Standard Time)"}
{"level":"error","message":{"error message":"Something went wrong","request Method":"POST","request URL":"/api/cartItems"},"timestamp":"Sat Aug 17 2024 13:56:19 GMT+0530 (India Standard Time)"}
{"level":"error","message":{"error message":"Something went wrong","request Method":"POST","request URL":"/api/cartItems"},"timestamp":"Sat Aug 17 2024 14:04:15 GMT+0530 (India Standard Time)"}
{"level":"error","message":{"error message":"Something went wrong","request Method":"POST","request URL":"/api/cartItems"},"timestamp":"Sat Aug 17 2024 14:08:04 GMT+0530 (India Standard Time)"}
{"level":"error","message":{"error message":"Something went wrong","request Method":"POST","request URL":"/api/cartItems"},"timestamp":"Sat Aug 17 2024 14:09:14 GMT+0530 (India Standard Time)"}
{"level":"error","message":{"error message":"Something went wrong","request Method":"POST","request URL":"/api/cartItems"},"timestamp":"Sat Aug 17 2024 14:18:40 GMT+0530 (India Standard Time)"}
{"level":"error","message":{"error message":"Something went wrong","request Method":"POST","request URL":"/api/cartItems"},"timestamp":"Sat Aug 17 2024 14:22:23 GMT+0530 (India Standard Time)"}
{"level":"error","message":{"error message":"Something went wrong","request Method":"POST","request URL":"/api/cartItems"},"timestamp":"Sat Aug 17 2024 14:26:02 GMT+0530 (India Standard Time)"}
{"level":"error","message":{"error message":"Something went wrong","request Method":"POST","request URL":"/api/cartItems"},"timestamp":"Sat Aug 17 2024 14:28:19 GMT+0530 (India Standard Time)"}
{"level":"error","message":{"error message":"Something went wrong","request Method":"POST","request URL":"/api/cartItems"},"timestamp":"Sat Aug 17 2024 14:34:28 GMT+0530 (India Standard Time)"}
{"level":"error","message":{"error message":"Something went wrong","request Method":"POST","request URL":"/api/cartItems"},"timestamp":"Sat Aug 17 2024 14:36:20 GMT+0530 (India Standard Time)"}
{"level":"error","message":{"error message":"Something went wrong","request Method":"POST","request URL":"/api/cartItems"},"timestamp":"Sat Aug 17 2024 14:37:18 GMT+0530 (India Standard Time)"}
{"level":"error","message":{"error message":"Something went wrong","request Method":"POST","request URL":"/api/cartItems"},"timestamp":"Sat Aug 17 2024 14:47:13 GMT+0530 (India Standard Time)"}
{"level":"error","message":{"error message":"Somethis went worng","request Method":"POST","request URL":"/api/order"},"timestamp":"Sun Aug 18 2024 17:30:21 GMT+0530 (India Standard Time)"}
{"level":"error","message":{"error message":"Somethis went worng","request Method":"POST","request URL":"/api/order"},"timestamp":"Sun Aug 18 2024 17:37:05 GMT+0530 (India Standard Time)"}
{"level":"error","message":{"error message":"Somethis went worng","request Method":"POST","request URL":"/api/order"},"timestamp":"Mon Aug 19 2024 11:46:03 GMT+0530 (India Standard Time)"}
{"level":"error","message":{"error message":"Somethis went worng","request Method":"POST","request URL":"/api/order"},"timestamp":"Mon Aug 19 2024 11:49:42 GMT+0530 (India Standard Time)"}
{"level":"error","message":{"error message":"Somethis went worng","request Method":"POST","request URL":"/api/order"},"timestamp":"Mon Aug 19 2024 12:57:16 GMT+0530 (India Standard Time)"}
{"level":"error","message":{"error message":"Something went wrong","request Method":"POST","request URL":"/api/order"},"timestamp":"Mon Aug 19 2024 13:33:28 GMT+0530 (India Standard Time)"}
{"level":"error","message":{"error message":"Something went wrong","request Method":"POST","request URL":"/api/order"},"timestamp":"Mon Aug 19 2024 15:56:01 GMT+0530 (India Standard Time)"}
{"level":"error","message":{"error message":"session is not defined","request Method":"POST","request URL":"/api/order"},"timestamp":"Mon Aug 19 2024 17:54:35 GMT+0530 (India Standard Time)"}
{"level":"error","message":{"error message":"Something went wrong while placing the order.","request Method":"POST","request URL":"/api/order"},"timestamp":"Mon Aug 19 2024 17:58:10 GMT+0530 (India Standard Time)"}
{"level":"error","message":{"error message":"SignUp Failed","request Method":"POST","request URL":"/api/users/signup"},"timestamp":"Tue Aug 20 2024 11:25:16 GMT+0530 (India Standard Time)"}
{"level":"error","message":{"error message":"SignUp Failed","request Method":"POST","request URL":"/api/users/signup"},"timestamp":"Tue Aug 20 2024 11:26:24 GMT+0530 (India Standard Time)"}
{"level":"error","message":{"error message":"SignUp Failed","request Method":"POST","request URL":"/api/users/signup"},"timestamp":"Tue Aug 20 2024 11:29:06 GMT+0530 (India Standard Time)"}
{"level":"error","message":{"error message":"SignUp Failed","request Method":"POST","request URL":"/api/users/signup"},"timestamp":"Tue Aug 20 2024 11:30:20 GMT+0530 (India Standard Time)"}
{"level":"error","message":{"error message":"SignUp Failed:- User already exists","request Method":"POST","request URL":"/api/users/signup"},"timestamp":"Tue Aug 20 2024 11:32:13 GMT+0530 (India Standard Time)"}
{"level":"error","message":{"error message":"SignUp Failed:- hahaha","request Method":"POST","request URL":"/api/users/signup"},"timestamp":"Tue Aug 20 2024 11:34:43 GMT+0530 (India Standard Time)"}
{"level":"error","message":{"error message":"SignUp Failed:- hahaha","request Method":"POST","request URL":"/api/users/signup"},"timestamp":"Tue Aug 20 2024 11:36:03 GMT+0530 (India Standard Time)"}
{"level":"error","message":{"error message":"SignUp Failed:- User already exists","request Method":"POST","request URL":"/api/users/signup"},"timestamp":"Tue Aug 20 2024 11:37:39 GMT+0530 (India Standard Time)"}
{"level":"error","message":{"error message":"SignUp Failed:- User already exists","request Method":"POST","request URL":"/api/users/signup","stack trace":"Error: SignUp Failed:- User already exists\n    at UserRepository.signUp (file:///F:/Coding%20Ninjas%20-%20BeckEnd%20Projects/E-com-API/src/features/user/user.repository.js:23:19)\n    at process.processTicksAndRejections (node:internal/process/task_queues:95:5)\n    at async UserController.signUp (file:///F:/Coding%20Ninjas%20-%20BeckEnd%20Projects/E-com-API/src/features/user/user.controller.js:22:7)"},"timestamp":"Tue Aug 20 2024 11:40:02 GMT+0530 (India Standard Time)"}
{"level":"error","message":{"error message":"SignUp Failed:- hahah","request Method":"POST","request URL":"/api/users/signup","stack trace":"Error: SignUp Failed:- hahah\n    at UserRepository.signUp (file:///F:/Coding%20Ninjas%20-%20BeckEnd%20Projects/E-com-API/src/features/user/user.repository.js:23:19)\n    at process.processTicksAndRejections (node:internal/process/task_queues:95:5)\n    at async UserController.signUp (file:///F:/Coding%20Ninjas%20-%20BeckEnd%20Projects/E-com-API/src/features/user/user.controller.js:22:7)"},"timestamp":"Tue Aug 20 2024 11:40:33 GMT+0530 (India Standard Time)"}
{"level":"error","message":{"error message":"SignIn Failed","request Method":"POST","request URL":"/api/users/signin","stack trace":"Error: SignIn Failed\n    at UserRepository.signIn (file:///F:/Coding%20Ninjas%20-%20BeckEnd%20Projects/E-com-API/src/features/user/user.repository.js:32:19)\n    at process.processTicksAndRejections (node:internal/process/task_queues:95:5)\n    at async UserController.signIn (file:///F:/Coding%20Ninjas%20-%20BeckEnd%20Projects/E-com-API/src/features/user/user.controller.js:36:22)"},"timestamp":"Tue Aug 20 2024 11:42:56 GMT+0530 (India Standard Time)"}
{"level":"error","message":{"error message":"Something went wrong password not changed","request Method":"PUT","request URL":"/api/users/resetPassword","stack trace":"Error: Something went wrong password not changed\n    at UserRepository.resetPassword (file:///F:/Coding%20Ninjas%20-%20BeckEnd%20Projects/E-com-API/src/features/user/user.repository.js:15:19)\n    at process.processTicksAndRejections (node:internal/process/task_queues:95:5)\n    at async UserController.resetPassword (file:///F:/Coding%20Ninjas%20-%20BeckEnd%20Projects/E-com-API/src/features/user/user.controller.js:16:7)"},"timestamp":"Tue Aug 20 2024 14:17:22 GMT+0530 (India Standard Time)"}
{"level":"error","message":{"error message":"Something went wrong password not changed","request Method":"PUT","request URL":"/api/users/resetPassword","stack trace":"Error: Something went wrong password not changed\n    at UserRepository.resetPassword (file:///F:/Coding%20Ninjas%20-%20BeckEnd%20Projects/E-com-API/src/features/user/user.repository.js:16:19)\n    at process.processTicksAndRejections (node:internal/process/task_queues:95:5)\n    at async UserController.resetPassword (file:///F:/Coding%20Ninjas%20-%20BeckEnd%20Projects/E-com-API/src/features/user/user.controller.js:16:7)"},"timestamp":"Tue Aug 20 2024 14:18:48 GMT+0530 (India Standard Time)"}
{"level":"error","message":{"error message":"Something went wrong password not changed","request Method":"PUT","request URL":"/api/users/resetPassword","stack trace":"Error: Something went wrong password not changed\n    at UserRepository.resetPassword (file:///F:/Coding%20Ninjas%20-%20BeckEnd%20Projects/E-com-API/src/features/user/user.repository.js:19:19)\n    at process.processTicksAndRejections (node:internal/process/task_queues:95:5)\n    at async UserController.resetPassword (file:///F:/Coding%20Ninjas%20-%20BeckEnd%20Projects/E-com-API/src/features/user/user.controller.js:16:7)"},"timestamp":"Tue Aug 20 2024 14:21:48 GMT+0530 (India Standard Time)"}
{"level":"error","message":{"error message":"Something went wrong","request Method":"POST","request URL":"/api/products/rate","stack trace":"Error: Something went wrong\n    at ProductRepository.rateProduct (file:///F:/Coding%20Ninjas%20-%20BeckEnd%20Projects/E-com-API/src/features/product/product.repository.js:176:19)\n    at process.processTicksAndRejections (node:internal/process/task_queues:95:5)\n    at async ProductController.rateProduct (file:///F:/Coding%20Ninjas%20-%20BeckEnd%20Projects/E-com-API/src/features/product/product.controller.js:53:7)"},"timestamp":"Wed Aug 21 2024 14:26:21 GMT+0530 (India Standard Time)"}
{"level":"error","message":{"error message":"Something went wrong","request Method":"POST","request URL":"/api/products/rate","stack trace":"Error: Something went wrong\n    at ProductRepository.rateProduct (file:///F:/Coding%20Ninjas%20-%20BeckEnd%20Projects/E-com-API/src/features/product/product.repository.js:180:19)\n    at process.processTicksAndRejections (node:internal/process/task_queues:95:5)\n    at async ProductController.rateProduct (file:///F:/Coding%20Ninjas%20-%20BeckEnd%20Projects/E-com-API/src/features/product/product.controller.js:53:7)"},"timestamp":"Wed Aug 21 2024 14:38:36 GMT+0530 (India Standard Time)"}
